<?xml version="1.0" encoding="UTF-8"?>
<!-- Generated by org.testng.reporters.JUnitReportReporter -->
<testsuite hostname="BLR2CSLP0121" name="com.test.payments.acceptence.runner.TestRunner" tests="1" failures="0" timestamp="6 Feb 2020 12:34:54 GMT" time="5.010" errors="0">
  <testcase name="feature" time="5.010" classname="com.test.payments.acceptence.runner.TestRunner"/>
</testsuite> <!-- com.test.payments.acceptence.runner.TestRunner -->
