<?xml version="1.0" encoding="UTF-8"?>
<!-- Generated by org.testng.reporters.JUnitReportReporter -->
<testsuite hostname="BLR2CSLP0121" name="com.test.fcc.acceptence.runner.runner" tests="3" failures="0" timestamp="9 Jul 2019 07:47:43 GMT" time="8.050" errors="0">
  <testcase name="feature" time="3.422" classname="com.test.fcc.acceptence.runner.runner"/>
  <testcase name="feature" time="2.183" classname="com.test.fcc.acceptence.runner.runner"/>
  <testcase name="feature" time="2.445" classname="com.test.fcc.acceptence.runner.runner"/>
</testsuite> <!-- com.test.fcc.acceptence.runner.runner -->
