<?xml version="1.0" encoding="UTF-8"?>
<!-- Generated by org.testng.reporters.JUnitReportReporter -->
<testsuite hostname="BLR2CSLP0121" name="com.test.monreal.runner.runner1" tests="1" failures="0" timestamp="29 Apr 2019 10:44:13 GMT" time="6.785" errors="0">
  <testcase name="feature" time="6.785" classname="com.test.monreal.runner.runner1"/>
</testsuite> <!-- com.test.monreal.runner.runner1 -->
